{"/home/dev/soll/create-task-cli/src/utils/getWalletFromFile.ts": {"path":"/home/dev/soll/create-task-cli/src/utils/getWalletFromFile.ts","statementMap":{"0":{"start":{"line":1,"column":0},"end":{"line":1,"column":40}},"1":{"start":{"line":2,"column":0},"end":{"line":2,"column":20}},"2":{"start":{"line":6,"column":26},"end":{"line":6,"column":73}},"3":{"start":{"line":7,"column":2},"end":{"line":7,"column":36}},"4":{"start":{"line":8,"column":20},"end":{"line":9,"column":null}},"5":{"start":{"line":11,"column":2},"end":{"line":11,"column":42}},"6":{"start":{"line":5,"column":0},"end":{"line":5,"column":16}}},"fnMap":{"0":{"name":"createKeypairFromFile","decl":{"start":{"line":5,"column":16},"end":{"line":5,"column":37}},"loc":{"start":{"line":5,"column":54},"end":{"line":12,"column":1}}}},"branchMap":{},"s":{"0":1,"1":1,"2":1,"3":1,"4":1,"5":1,"6":1},"f":{"0":1},"b":{}}
}
